This is pdfeTeX, Version 3.141592-1.21a-2.2 (Web2C 7.5.4) (format=pdflatex 2013.8.16)  22 APR 2014 18:08
entering extended mode
**20140423_GP.tex
(./20140423_GP.tex
LaTeX2e <2003/12/01>
Babel <v3.8d> and hyphenation patterns for american, french, german, ngerman, b
ahasa, basque, bulgarian, catalan, croatian, czech, danish, dutch, esperanto, e
stonian, finnish, greek, icelandic, irish, italian, latin, magyar, norsk, polis
h, portuges, romanian, russian, serbian, slovak, slovene, spanish, swedish, tur
kish, ukrainian, nohyphenation, loaded.
(/usr/share/texmf/tex/latex/base/article.cls
Document Class: article 2004/02/16 v1.4f Standard LaTeX document class
(/usr/share/texmf/tex/latex/base/size11.clo
File: size11.clo 2004/02/16 v1.4f Standard LaTeX file (size option)
)
\c@part=\count79
\c@section=\count80
\c@subsection=\count81
\c@subsubsection=\count82
\c@paragraph=\count83
\c@subparagraph=\count84
\c@figure=\count85
\c@table=\count86
\abovecaptionskip=\skip41
\belowcaptionskip=\skip42
\bibindent=\dimen102
)
(/usr/share/texmf/tex/latex/amsfonts/amssymb.sty
Package: amssymb 2002/01/22 v2.2d

(/usr/share/texmf/tex/latex/amsfonts/amsfonts.sty
Package: amsfonts 2001/10/25 v2.2f
\@emptytoks=\toks14
\symAMSa=\mathgroup4
\symAMSb=\mathgroup5
LaTeX Font Info:    Overwriting math alphabet `\mathfrak' in version `bold'
(Font)                  U/euf/m/n --> U/euf/b/n on input line 132.
))
(/usr/share/texmf/tex/generic/babel/babel.sty
Package: babel 2004/11/20 v3.8d The Babel package

(/usr/share/texmf/tex/generic/babel/english.ldf
Language: english 2004/06/14 v3.3o English support from the babel system

(/usr/share/texmf/tex/generic/babel/babel.def
File: babel.def 2004/11/20 v3.8d Babel common definitions
\babel@savecnt=\count87
\U@D=\dimen103
)
\l@british = a dialect from \language\l@english 
\l@UKenglish = a dialect from \language\l@english 
\l@canadian = a dialect from \language\l@american 
\l@australian = a dialect from \language\l@british 
\l@newzealand = a dialect from \language\l@british 
))
(/usr/share/texmf/tex/latex/carlisle/colortbl.sty
Package: colortbl 2001/02/13 v0.1j Color table columns (DPC)

(/usr/share/texmf/tex/latex/tools/array.sty
Package: array 2003/12/17 v2.4a Tabular extension package (FMi)
\col@sep=\dimen104
\extrarowheight=\dimen105
\NC@list=\toks15
\extratabsurround=\skip43
\backup@length=\skip44
)
(/usr/share/texmf/tex/latex/graphics/color.sty
Package: color 1999/02/16 v1.0i Standard LaTeX Color (DPC)

(/usr/share/texmf/tex/latex/graphics/color.cfg
File: color.cfg 2005/02/03 v1.3 color configuration of teTeX/TeXLive
)
Package color Info: Driver file: pdftex.def on input line 125.

(/usr/share/texmf/tex/latex/graphics/pdftex.def
File: pdftex.def 2002/06/19 v0.03k graphics/color for pdftex
\Gread@gobject=\count88
))
\everycr=\toks16
\minrowclearance=\skip45
)
(/usr/share/texmf/tex/latex/hyperref/hyperref.sty
Package: hyperref 2003/11/30 v6.74m Hypertext links for LaTeX

(/usr/share/texmf/tex/latex/graphics/keyval.sty
Package: keyval 1999/03/16 v1.13 key=value parser (DPC)
\KV@toks@=\toks17
)
\@linkdim=\dimen106
\Hy@linkcounter=\count89
\Hy@pagecounter=\count90

(/usr/share/texmf/tex/latex/hyperref/pd1enc.def
File: pd1enc.def 2003/11/30 v6.74m Hyperref: PDFDocEncoding definition (HO)
)
(/usr/share/texmf/tex/latex/hyperref/hyperref.cfg
File: hyperref.cfg 2002/06/06 v1.2 hyperref configuration of TeXLive and teTeX
)
Package hyperref Info: Hyper figures OFF on input line 1880.
Package hyperref Info: Link nesting OFF on input line 1885.
Package hyperref Info: Hyper index ON on input line 1888.
Package hyperref Info: Plain pages ON on input line 1893.
Package hyperref Info: Backreferencing OFF on input line 1900.

Implicit mode ON; LaTeX internals redefined
Package hyperref Info: Bookmarks ON on input line 2004.
(/usr/share/texmf/tex/latex/html/url.sty
Package: url 1999/03/02  ver 1.4  Verb mode for urls, email addresses, and file
 names
)
LaTeX Info: Redefining \url on input line 2143.
\Fld@menulength=\count91
\Field@Width=\dimen107
\Fld@charsize=\dimen108
\Choice@toks=\toks18
\Field@toks=\toks19
Package hyperref Info: Hyper figures OFF on input line 2618.
Package hyperref Info: Link nesting OFF on input line 2623.
Package hyperref Info: Hyper index ON on input line 2626.
Package hyperref Info: backreferencing OFF on input line 2633.
Package hyperref Info: Link coloring OFF on input line 2638.
\c@Item=\count92
\c@Hfootnote=\count93
)
*hyperref using default driver hpdftex*
(/usr/share/texmf/tex/latex/hyperref/hpdftex.def
File: hpdftex.def 2003/11/30 v6.74m Hyperref driver for pdfTeX

(/usr/share/texmf/tex/latex/psnfss/pifont.sty
Package: pifont 2004/09/15 PSNFSS-v9.2 Pi font support (SPQR) 
LaTeX Font Info:    Try loading font information for U+pzd on input line 63.

(/usr/share/texmf/tex/latex/psnfss/upzd.fd
File: upzd.fd 2001/06/04 font definitions for U/pzd.
)
LaTeX Font Info:    Try loading font information for U+psy on input line 64.

(/usr/share/texmf/tex/latex/psnfss/upsy.fd
File: upsy.fd 2001/06/04 font definitions for U/psy.
))
\Fld@listcount=\count94
\@outlinefile=\write3
)
(/usr/share/texmf/tex/latex/rotating/rotating.sty
Package: rotating 1997/09/26 v2.13 Rotation package

(/usr/share/texmf/tex/latex/graphics/graphicx.sty
Package: graphicx 1999/02/16 v1.0f Enhanced LaTeX Graphics (DPC,SPQR)

(/usr/share/texmf/tex/latex/graphics/graphics.sty
Package: graphics 2001/07/07 v1.0n Standard LaTeX Graphics (DPC,SPQR)

(/usr/share/texmf/tex/latex/graphics/trig.sty
Package: trig 1999/03/16 v1.09 sin cos tan (DPC)
)
(/usr/share/texmf/tex/latex/graphics/graphics.cfg
File: graphics.cfg 2005/02/03 v1.3 graphics configuration of teTeX/TeXLive
)
Package graphics Info: Driver file: pdftex.def on input line 80.
)
\Gin@req@height=\dimen109
\Gin@req@width=\dimen110
)
(/usr/share/texmf/tex/latex/base/ifthen.sty
Package: ifthen 2001/05/26 v1.1c Standard LaTeX ifthen package (DPC)
)
\c@r@tfl@t=\count95
\rot@float@box=\box26
)
(/usr/share/texmf/tex/latex/multirow/multirow.sty
\bigstrutjot=\dimen111
)

LaTeX Warning: Unused global option(s):
    [letter].

(./20140423_GP.aux)
\openout1 = `20140423_GP.aux'.

LaTeX Font Info:    Checking defaults for OML/cmm/m/it on input line 33.
LaTeX Font Info:    ... okay on input line 33.
LaTeX Font Info:    Checking defaults for T1/cmr/m/n on input line 33.
LaTeX Font Info:    ... okay on input line 33.
LaTeX Font Info:    Checking defaults for OT1/cmr/m/n on input line 33.
LaTeX Font Info:    ... okay on input line 33.
LaTeX Font Info:    Checking defaults for OMS/cmsy/m/n on input line 33.
LaTeX Font Info:    ... okay on input line 33.
LaTeX Font Info:    Checking defaults for OMX/cmex/m/n on input line 33.
LaTeX Font Info:    ... okay on input line 33.
LaTeX Font Info:    Checking defaults for U/cmr/m/n on input line 33.
LaTeX Font Info:    ... okay on input line 33.
LaTeX Font Info:    Checking defaults for PD1/pdf/m/n on input line 33.
LaTeX Font Info:    ... okay on input line 33.
 (/usr/share/texmf/tex/context/base/supp-pdf.tex
(/usr/share/texmf/tex/context/base/supp-mis.tex
loading : Context Support Macros / Miscellaneous (2004.10.26)
\protectiondepth=\count96
\scratchcounter=\count97
\scratchtoks=\toks20
\scratchdimen=\dimen112
\scratchskip=\skip46
\scratchmuskip=\muskip10
\scratchbox=\box27
\scratchread=\read1
\scratchwrite=\write4
\zeropoint=\dimen113
\onepoint=\dimen114
\onebasepoint=\dimen115
\minusone=\count98
\thousandpoint=\dimen116
\onerealpoint=\dimen117
\emptytoks=\toks21
\nextbox=\box28
\nextdepth=\dimen118
\everyline=\toks22
\!!counta=\count99
\!!countb=\count100
\recursecounter=\count101
)
loading : Context Support Macros / PDF (2004.03.26)
\nofMPsegments=\count102
\nofMParguments=\count103
\MPscratchCnt=\count104
\MPscratchDim=\dimen119
\MPnumerator=\count105
\everyMPtoPDFconversion=\toks23
)
Package hyperref Info: Link coloring OFF on input line 33.
 (/usr/share/texmf/tex/latex/hyperref/nameref.sty
Package: nameref 2003/12/03 v2.21 Cross-referencing by name of section
\c@section@level=\count106
)
LaTeX Info: Redefining \ref on input line 33.
LaTeX Info: Redefining \pageref on input line 33.
 (./20140423_GP.out)
(./20140423_GP.out)
\openout3 = `20140423_GP.out'.

LaTeX Font Info:    Try loading font information for OMS+cmr on input line 72.
 (/usr/share/texmf/tex/latex/base/omscmr.fd
File: omscmr.fd 1999/05/25 v2.5h Standard LaTeX font definitions
)
LaTeX Font Info:    Font shape `OMS/cmr/m/n' in size <10> not available
(Font)              Font shape `OMS/cmsy/m/n' tried instead on input line 72.
LaTeX Font Info:    Try loading font information for U+msa on input line 73.

(/usr/share/texmf/tex/latex/amsfonts/umsa.fd
File: umsa.fd 2002/01/19 v2.2g AMS font definitions
)
LaTeX Font Info:    Try loading font information for U+msb on input line 73.

(/usr/share/texmf/tex/latex/amsfonts/umsb.fd
File: umsb.fd 2002/01/19 v2.2g AMS font definitions
)
Overfull \hbox (42.35635pt too wide) in paragraph at lines 93--112
 [][] 
 []

<figs/LINC-BE_DHZ4L1.png, id=7, 626.83163pt x 238.7402pt>
File: figs/LINC-BE_DHZ4L1.png Graphic file (type png)

<use figs/LINC-BE_DHZ4L1.png>
<figs/psb_orbit_BE3DHZ4L1at1mrad.pdf, id=8, 794.97pt x 614.295pt>
File: figs/psb_orbit_BE3DHZ4L1at1mrad.pdf Graphic file (type pdf)

<use figs/psb_orbit_BE3DHZ4L1at1mrad.pdf>
<figs/LINC-BE_DHZ11L1.png, id=9, 626.83163pt x 238.7402pt>
File: figs/LINC-BE_DHZ11L1.png Graphic file (type png)

<use figs/LINC-BE_DHZ11L1.png>
<figs/psb_orbit_BE3DHZ11L1at1mrad.pdf, id=10, 794.97pt x 614.295pt>
File: figs/psb_orbit_BE3DHZ11L1at1mrad.pdf Graphic file (type pdf)

<use figs/psb_orbit_BE3DHZ11L1at1mrad.pdf>
<figs/LINC-BE_DVT4L1.png, id=11, 626.83163pt x 268.14662pt>
File: figs/LINC-BE_DVT4L1.png Graphic file (type png)

<use figs/LINC-BE_DVT4L1.png>
<figs/psb_orbit_BE3DVT4L1at1mrad.pdf, id=12, 794.97pt x 614.295pt>
File: figs/psb_orbit_BE3DVT4L1at1mrad.pdf Graphic file (type pdf)

<use figs/psb_orbit_BE3DVT4L1at1mrad.pdf>
<figs/LINC-BE_DVT11L1.png, id=13, 626.83163pt x 268.14662pt>
File: figs/LINC-BE_DVT11L1.png Graphic file (type png)

<use figs/LINC-BE_DVT11L1.png>
<figs/psb_orbit_BE3DVT11L1at1mrad.pdf, id=14, 794.97pt x 614.295pt>
File: figs/psb_orbit_BE3DVT11L1at1mrad.pdf Graphic file (type pdf)

<use figs/psb_orbit_BE3DVT11L1at1mrad.pdf> [1

{/usr/share/texmf-var/fonts/map/pdftex/updmap/pdftex.map}] [2 <./figs/LINC-BE_D
HZ4L1.png> <./figs/psb_orbit_BE3DHZ4L1at1mrad.pdf, page is rotated 90 degrees>]
 [3 <./figs/LINC-BE_DHZ11L1.png> <./figs/psb_orbit_BE3DHZ11L1at1mrad.pdf, page 
is rotated 90 degrees>] [4 <./figs/LINC-BE_DVT4L1.png> <./figs/psb_orbit_BE3DVT
4L1at1mrad.pdf, page is rotated 90 degrees>] [5 <./figs/LINC-BE_DVT11L1.png> <.
/figs/psb_orbit_BE3DVT11L1at1mrad.pdf, page is rotated 90 degrees>] (./20140423
_GP.aux) ) 
Here is how much of TeX's memory you used:
 3445 strings out of 94500
 45462 string characters out of 1176766
 100890 words of memory out of 1000000
 6542 multiletter control sequences out of 10000+50000
 12511 words of font info for 48 fonts, out of 500000 for 2000
 580 hyphenation exceptions out of 1000
 34i,11n,24p,266b,270s stack positions out of 1500i,500n,5000p,200000b,5000s
PDF statistics:
 81 PDF objects out of 300000
 15 named destinations out of 131072
 57 words of extra memory for PDF output out of 65536
</usr/share/texmf/fonts/type1/bluesky/cm/cmmi8.pfb></usr/share/texmf/
fonts/type1/bluesky/cm/cmmi10.pfb></usr/share/texmf/fonts/type1/bluesky/cm/cmmi
7.pfb></usr/share/texmf/fonts/type1/bluesky/cm/cmbx10.pfb></usr/share/texmf/fon
ts/type1/bluesky/cm/cmsy10.pfb></usr/share/texmf/fonts/type1/bluesky/cm/cmr10.p
fb></usr/share/texmf/fonts/type1/bluesky/cm/cmbx12.pfb>
Output written on 20140423_GP.pdf (5 pages, 206219 bytes).
